2019-06-06 21:13:06,622 CRIT Supervisor running as root (no user in config file)
2019-06-06 21:13:06,667 INFO RPC interface 'supervisor' initialized
2019-06-06 21:13:06,667 CRIT Server 'inet_http_server' running without any HTTP authentication checking
2019-06-06 21:13:06,668 INFO supervisord started with pid 1
2019-06-06 21:13:07,672 INFO spawned: 'php' with pid 9
2019-06-06 21:13:08,905 INFO success: php entered RUNNING state, process has stayed up for > than 1 seconds (startsecs)
2019-06-06 22:41:58,825 WARN received SIGTERM indicating exit request
2019-06-06 22:41:58,825 INFO waiting for php to die
2019-06-06 22:41:58,831 INFO stopped: php (exit status 0)
2019-06-06 22:42:01,109 CRIT Supervisor running as root (no user in config file)
2019-06-06 22:42:01,119 INFO RPC interface 'supervisor' initialized
2019-06-06 22:42:01,119 CRIT Server 'inet_http_server' running without any HTTP authentication checking
2019-06-06 22:42:01,119 INFO supervisord started with pid 1
2019-06-06 22:42:02,123 INFO spawned: 'php' with pid 8
2019-06-06 22:42:03,229 INFO success: php entered RUNNING state, process has stayed up for > than 1 seconds (startsecs)
2019-06-06 22:50:11,373 WARN received SIGTERM indicating exit request
2019-06-06 22:50:11,373 INFO waiting for php to die
2019-06-06 22:50:11,378 INFO stopped: php (exit status 0)
2019-06-06 22:50:13,445 CRIT Supervisor running as root (no user in config file)
2019-06-06 22:50:13,455 INFO RPC interface 'supervisor' initialized
2019-06-06 22:50:13,456 CRIT Server 'inet_http_server' running without any HTTP authentication checking
2019-06-06 22:50:13,456 INFO supervisord started with pid 1
2019-06-06 22:50:14,460 INFO spawned: 'php' with pid 8
2019-06-06 22:50:15,568 INFO success: php entered RUNNING state, process has stayed up for > than 1 seconds (startsecs)
2019-06-06 22:57:23,826 WARN received SIGTERM indicating exit request
2019-06-06 22:57:23,826 INFO waiting for php to die
2019-06-06 22:57:23,832 INFO stopped: php (exit status 0)
2019-06-06 22:57:26,060 CRIT Supervisor running as root (no user in config file)
2019-06-06 22:57:26,070 INFO RPC interface 'supervisor' initialized
2019-06-06 22:57:26,070 CRIT Server 'inet_http_server' running without any HTTP authentication checking
2019-06-06 22:57:26,071 INFO supervisord started with pid 1
2019-06-06 22:57:27,074 INFO spawned: 'php' with pid 8
2019-06-06 22:57:28,209 INFO success: php entered RUNNING state, process has stayed up for > than 1 seconds (startsecs)
2019-06-06 23:03:15,908 WARN received SIGTERM indicating exit request
2019-06-06 23:03:15,909 INFO waiting for php to die
2019-06-06 23:03:15,921 INFO stopped: php (exit status 0)
2019-06-06 23:03:18,149 CRIT Supervisor running as root (no user in config file)
2019-06-06 23:03:18,160 INFO RPC interface 'supervisor' initialized
2019-06-06 23:03:18,160 CRIT Server 'inet_http_server' running without any HTTP authentication checking
2019-06-06 23:03:18,161 INFO supervisord started with pid 1
2019-06-06 23:03:19,165 INFO spawned: 'php' with pid 8
2019-06-06 23:03:20,280 INFO success: php entered RUNNING state, process has stayed up for > than 1 seconds (startsecs)
2019-06-06 23:05:09,161 WARN received SIGTERM indicating exit request
2019-06-06 23:05:09,161 INFO waiting for php to die
2019-06-06 23:05:09,168 INFO stopped: php (exit status 0)
2019-06-06 23:05:11,582 CRIT Supervisor running as root (no user in config file)
2019-06-06 23:05:11,593 INFO RPC interface 'supervisor' initialized
2019-06-06 23:05:11,593 CRIT Server 'inet_http_server' running without any HTTP authentication checking
2019-06-06 23:05:11,593 INFO supervisord started with pid 1
2019-06-06 23:05:12,597 INFO spawned: 'php' with pid 8
2019-06-06 23:05:13,705 INFO success: php entered RUNNING state, process has stayed up for > than 1 seconds (startsecs)
2019-06-07 17:37:59,000 WARN received SIGTERM indicating exit request
2019-06-07 17:37:59,005 INFO waiting for php to die
2019-06-07 17:37:59,063 INFO stopped: php (exit status 0)
2019-06-08 20:22:00,197 CRIT Supervisor running as root (no user in config file)
2019-06-08 20:22:00,210 INFO RPC interface 'supervisor' initialized
2019-06-08 20:22:00,210 CRIT Server 'inet_http_server' running without any HTTP authentication checking
2019-06-08 20:22:00,210 INFO supervisord started with pid 1
2019-06-08 20:22:01,212 INFO spawned: 'php' with pid 8
2019-06-08 20:22:02,383 INFO success: php entered RUNNING state, process has stayed up for > than 1 seconds (startsecs)
2019-07-28 19:56:46,381 CRIT Supervisor running as root (no user in config file)
2019-07-28 19:56:46,392 INFO RPC interface 'supervisor' initialized
2019-07-28 19:56:46,392 CRIT Server 'inet_http_server' running without any HTTP authentication checking
2019-07-28 19:56:46,392 INFO supervisord started with pid 1
2019-07-28 19:56:47,396 INFO spawned: 'php' with pid 8
2019-07-28 19:56:48,512 INFO success: php entered RUNNING state, process has stayed up for > than 1 seconds (startsecs)
2019-11-02 12:19:40,647 CRIT Supervisor running as root (no user in config file)
2019-11-02 12:19:40,661 INFO RPC interface 'supervisor' initialized
2019-11-02 12:19:40,661 CRIT Server 'inet_http_server' running without any HTTP authentication checking
2019-11-02 12:19:40,661 INFO supervisord started with pid 1
2019-11-02 12:19:41,665 INFO spawned: 'php' with pid 8
2019-11-02 12:19:42,895 INFO success: php entered RUNNING state, process has stayed up for > than 1 seconds (startsecs)
